<?xml version="1.0" encoding="UTF-8"?>
<!-- Generated by org.testng.reporters.JUnitXMLReporter -->
<testsuite ignored="0" hostname="DESKTOP-0E69Q2H" failures="0" tests="3" name="FlightSearchTest3" time="135.618" errors="0" timestamp="2024-09-01T18:26:04 CDT">
  <testcase classname="yelseSoft.com.FlightSearchSteps" name="testFlightSearch" time="48.547"/>
  <testcase classname="yelseSoft.com.FlightSearchSteps" name="testFlightSearch" time="27.878"/>
  <testcase classname="yelseSoft.com.FlightSearchSteps" name="testFlightSearch" time="43.051"/>
</testsuite> <!-- FlightSearchTest3 -->
