<?xml version="1.0" encoding="UTF-8"?>
<!-- Generated by org.testng.reporters.JUnitXMLReporter -->
<testsuite ignored="0" hostname="DESKTOP-0E69Q2H" failures="0" tests="3" name="FlightSearchTest" time="85.828" errors="0" timestamp="2024-09-02T17:22:17 CDT">
  <testcase classname="yelseSoft.com.FlightSearchSteps" name="testFlightSearch" time="23.646"/>
  <testcase classname="yelseSoft.com.FlightSearchSteps" name="testFlightSearch" time="22.392"/>
  <testcase classname="yelseSoft.com.FlightSearchSteps" name="testFlightSearch" time="31.475"/>
</testsuite> <!-- FlightSearchTest -->
