<?xml version="1.0" encoding="UTF-8"?>
<!-- Generated by org.testng.reporters.JUnitXMLReporter -->
<testsuite ignored="0" hostname="DESKTOP-0E69Q2H" failures="0" tests="3" name="FlightSearchTest1" time="86.992" errors="0" timestamp="2024-09-02T16:23:59 CDT">
  <testcase classname="yelseSoft.com.FlightSearchSteps" name="testFlightSearch" time="22.971"/>
  <testcase classname="yelseSoft.com.FlightSearchSteps" name="testFlightSearch" time="23.723"/>
  <testcase classname="yelseSoft.com.FlightSearchSteps" name="testFlightSearch" time="32.71"/>
</testsuite> <!-- FlightSearchTest1 -->
