<?xml version="1.0" encoding="UTF-8"?>
<!-- Generated by org.testng.reporters.JUnitXMLReporter -->
<testsuite ignored="2" hostname="DESKTOP-0E69Q2H" failures="3" tests="3" name="Smoke Tests" time="0.006" errors="0" timestamp="2024-09-02T17:19:10 CDT">
  <testcase classname="yelseSoft.com.FlightSearchSteps" name="testFlightSearchSmoke" time="0.001">
    <failure type="java.lang.NullPointerException" message="Cannot invoke &amp;quot;org.openqa.selenium.WebDriver.get(String)&amp;quot; because the return value of &amp;quot;java.lang.ThreadLocal.get()&amp;quot; is null">
      <![CDATA[java.lang.NullPointerException: Cannot invoke "org.openqa.selenium.WebDriver.get(String)" because the return value of "java.lang.ThreadLocal.get()" is null
at yelseSoft.com.FlightSearchSteps.testFlightSearchSmoke(FlightSearchSteps.java:44)
at java.base/java.util.concurrent.ThreadPoolExecutor.runWorker(ThreadPoolExecutor.java:1144)
at java.base/java.util.concurrent.ThreadPoolExecutor$Worker.run(ThreadPoolExecutor.java:642)
at java.base/java.lang.Thread.run(Thread.java:1583)
... Removed 10 stack frames]]>
    </failure>
  </testcase> <!-- testFlightSearchSmoke -->
  <testcase classname="yelseSoft.com.FlightSearchSteps" name="testFlightSearchSmoke" time="0.001">
    <failure type="java.lang.NullPointerException" message="Cannot invoke &amp;quot;org.openqa.selenium.WebDriver.get(String)&amp;quot; because the return value of &amp;quot;java.lang.ThreadLocal.get()&amp;quot; is null">
      <![CDATA[java.lang.NullPointerException: Cannot invoke "org.openqa.selenium.WebDriver.get(String)" because the return value of "java.lang.ThreadLocal.get()" is null
at yelseSoft.com.FlightSearchSteps.testFlightSearchSmoke(FlightSearchSteps.java:44)
at java.base/java.util.concurrent.ThreadPoolExecutor.runWorker(ThreadPoolExecutor.java:1144)
at java.base/java.util.concurrent.ThreadPoolExecutor$Worker.run(ThreadPoolExecutor.java:642)
at java.base/java.lang.Thread.run(Thread.java:1583)
... Removed 10 stack frames]]>
    </failure>
  </testcase> <!-- testFlightSearchSmoke -->
  <testcase classname="yelseSoft.com.FlightSearchSteps" name="testFlightSearchSmoke" time="0.0">
    <failure type="java.lang.NullPointerException" message="Cannot invoke &amp;quot;org.openqa.selenium.WebDriver.get(String)&amp;quot; because the return value of &amp;quot;java.lang.ThreadLocal.get()&amp;quot; is null">
      <![CDATA[java.lang.NullPointerException: Cannot invoke "org.openqa.selenium.WebDriver.get(String)" because the return value of "java.lang.ThreadLocal.get()" is null
at yelseSoft.com.FlightSearchSteps.testFlightSearchSmoke(FlightSearchSteps.java:44)
at java.base/java.util.concurrent.ThreadPoolExecutor.runWorker(ThreadPoolExecutor.java:1144)
at java.base/java.util.concurrent.ThreadPoolExecutor$Worker.run(ThreadPoolExecutor.java:642)
at java.base/java.lang.Thread.run(Thread.java:1583)
... Removed 10 stack frames]]>
    </failure>
  </testcase> <!-- testFlightSearchSmoke -->
  <testcase classname="yelseSoft.com.FlightSearchSteps" name="testFlightSearch" time="0.0">
    <ignored/>
  </testcase> <!-- testFlightSearch -->
  <testcase classname="yelseSoft.com.FlightSearchSteps" name="testFlightSearchRegression" time="0.0">
    <ignored/>
  </testcase> <!-- testFlightSearchRegression -->
</testsuite> <!-- Smoke Tests -->
