<?xml version="1.0" encoding="UTF-8"?>
<!-- Generated by org.testng.reporters.JUnitXMLReporter -->
<testsuite ignored="0" hostname="DESKTOP-0E69Q2H" failures="2" tests="9" name="GoogleFlightsSearchTests" time="249.423" errors="0" timestamp="2024-09-06T12:25:40 CDT">
  <testcase classname="com.flightBooking.googleFlights.FlightSearchStepDefinitions" name="testFlightSearch" time="22.65"/>
  <testcase classname="com.flightBooking.googleFlights.FlightSearchStepDefinitions" name="testFlightSearch" time="12.133">
    <failure type="org.openqa.selenium.StaleElementReferenceException" message="The element with the reference a540bbc3-50ea-4e29-913b-ee70adf03711 is stale; either its node document is not the active document, or it is no longer connected to the DOM
For documentation on this error, please visit: https://www.selenium.dev/documentation/webdriver/troubleshooting/errors#stale-element-reference-exception
Build info: version: &amp;apos;4.22.0&amp;apos;, revision: &amp;apos;c5f3146703*&amp;apos;
System info: os.name: &amp;apos;Windows 11&amp;apos;, os.arch: &amp;apos;amd64&amp;apos;, os.version: &amp;apos;10.0&amp;apos;, java.version: &amp;apos;21.0.3&amp;apos;
Driver info: org.openqa.selenium.firefox.FirefoxDriver
Command: [b59969c5-7180-42b5-b1cb-dab6c44148c3, getElementText {id=a540bbc3-50ea-4e29-913b-ee70adf03711}]
Capabilities {acceptInsecureCerts: true, browserName: firefox, browserVersion: 130.0, moz:accessibilityChecks: false, moz:buildID: 20240829075237, moz:debuggerAddress: 127.0.0.1:31564, moz:geckodriverVersion: 0.35.0, moz:headless: false, moz:platformVersion: 10.0, moz:processID: 147020, moz:profile: C:\Users\rayud\AppData\Loca..., moz:shutdownTimeout: 60000, moz:webdriverClick: true, moz:windowless: false, pageLoadStrategy: normal, platformName: windows, proxy: Proxy(), se:cdp: ws://127.0.0.1:31564/devtoo..., se:cdpVersion: 85.0, setWindowRect: true, strictFileInteractability: false, timeouts: {implicit: 0, pageLoad: 300000, script: 30000}, unhandledPromptBehavior: dismiss and notify, userAgent: Mozilla/5.0 (Windows NT 10....}
Element: [[[[[[FirefoxDriver: firefox on windows (b59969c5-7180-42b5-b1cb-dab6c44148c3)] -&amp;gt; xpath: //ul[@class=&amp;apos;Rk10dc&amp;apos;]]] -&amp;gt; xpath: .//li]] -&amp;gt; xpath: .//div[@class=&amp;apos;N872Rd sSHqwe I11szd POX3ye&amp;apos;]]
Session ID: b59969c5-7180-42b5-b1cb-dab6c44148c3">
      <![CDATA[org.openqa.selenium.StaleElementReferenceException: The element with the reference a540bbc3-50ea-4e29-913b-ee70adf03711 is stale; either its node document is not the active document, or it is no longer connected to the DOM
For documentation on this error, please visit: https://www.selenium.dev/documentation/webdriver/troubleshooting/errors#stale-element-reference-exception
Build info: version: '4.22.0', revision: 'c5f3146703*'
System info: os.name: 'Windows 11', os.arch: 'amd64', os.version: '10.0', java.version: '21.0.3'
Driver info: org.openqa.selenium.firefox.FirefoxDriver
Command: [b59969c5-7180-42b5-b1cb-dab6c44148c3, getElementText {id=a540bbc3-50ea-4e29-913b-ee70adf03711}]
Capabilities {acceptInsecureCerts: true, browserName: firefox, browserVersion: 130.0, moz:accessibilityChecks: false, moz:buildID: 20240829075237, moz:debuggerAddress: 127.0.0.1:31564, moz:geckodriverVersion: 0.35.0, moz:headless: false, moz:platformVersion: 10.0, moz:processID: 147020, moz:profile: C:\Users\rayud\AppData\Loca..., moz:shutdownTimeout: 60000, moz:webdriverClick: true, moz:windowless: false, pageLoadStrategy: normal, platformName: windows, proxy: Proxy(), se:cdp: ws://127.0.0.1:31564/devtoo..., se:cdpVersion: 85.0, setWindowRect: true, strictFileInteractability: false, timeouts: {implicit: 0, pageLoad: 300000, script: 30000}, unhandledPromptBehavior: dismiss and notify, userAgent: Mozilla/5.0 (Windows NT 10....}
Element: [[[[[[FirefoxDriver: firefox on windows (b59969c5-7180-42b5-b1cb-dab6c44148c3)] -> xpath: //ul[@class='Rk10dc']]] -> xpath: .//li]] -> xpath: .//div[@class='N872Rd sSHqwe I11szd POX3ye']]
Session ID: b59969c5-7180-42b5-b1cb-dab6c44148c3
at org.openqa.selenium.remote.ErrorCodec.decode(ErrorCodec.java:167)
at org.openqa.selenium.remote.codec.w3c.W3CHttpResponseCodec.decode(W3CHttpResponseCodec.java:138)
at org.openqa.selenium.remote.codec.w3c.W3CHttpResponseCodec.decode(W3CHttpResponseCodec.java:50)
at org.openqa.selenium.remote.HttpCommandExecutor.execute(HttpCommandExecutor.java:190)
at org.openqa.selenium.remote.service.DriverCommandExecutor.invokeExecute(DriverCommandExecutor.java:216)
at org.openqa.selenium.remote.service.DriverCommandExecutor.execute(DriverCommandExecutor.java:174)
at org.openqa.selenium.remote.RemoteWebDriver.execute(RemoteWebDriver.java:518)
at org.openqa.selenium.remote.RemoteWebElement.execute(RemoteWebElement.java:223)
at org.openqa.selenium.remote.RemoteWebElement.getText(RemoteWebElement.java:191)
at com.flightBooking.googleFlights.FlightDetailsData.extractFlightDetails(FlightDetailsData.java:81)
at com.flightBooking.googleFlights.FlightSearchStepDefinitions.testFlightSearch(FlightSearchStepDefinitions.java:40)
at java.base/java.util.ArrayList.forEach(ArrayList.java:1596)
... Removed 28 stack frames]]>
    </failure>
  </testcase> <!-- testFlightSearch -->
  <testcase classname="com.flightBooking.googleFlights.FlightSearchStepDefinitions" name="testFlightSearch" time="32.854"/>
  <testcase classname="com.flightBooking.googleFlights.FlightSearchStepDefinitions" name="testFlightSearchRegression" time="26.923"/>
  <testcase classname="com.flightBooking.googleFlights.FlightSearchStepDefinitions" name="testFlightSearchRegression" time="20.88"/>
  <testcase classname="com.flightBooking.googleFlights.FlightSearchStepDefinitions" name="testFlightSearchRegression" time="32.056"/>
  <testcase classname="com.flightBooking.googleFlights.FlightSearchStepDefinitions" name="testFlightSearchSmoke" time="18.987">
    <failure type="org.openqa.selenium.StaleElementReferenceException" message="The element with the reference eac388f9-0b89-4858-905d-db84519aa4d8 is stale; either its node document is not the active document, or it is no longer connected to the DOM
For documentation on this error, please visit: https://www.selenium.dev/documentation/webdriver/troubleshooting/errors#stale-element-reference-exception
Build info: version: &amp;apos;4.22.0&amp;apos;, revision: &amp;apos;c5f3146703*&amp;apos;
System info: os.name: &amp;apos;Windows 11&amp;apos;, os.arch: &amp;apos;amd64&amp;apos;, os.version: &amp;apos;10.0&amp;apos;, java.version: &amp;apos;21.0.3&amp;apos;
Driver info: org.openqa.selenium.firefox.FirefoxDriver
Command: [9b0ae0f5-c840-4ea3-8f3e-66279f2c077f, getElementText {id=eac388f9-0b89-4858-905d-db84519aa4d8}]
Capabilities {acceptInsecureCerts: true, browserName: firefox, browserVersion: 130.0, moz:accessibilityChecks: false, moz:buildID: 20240829075237, moz:debuggerAddress: 127.0.0.1:27335, moz:geckodriverVersion: 0.35.0, moz:headless: false, moz:platformVersion: 10.0, moz:processID: 148424, moz:profile: C:\Users\rayud\AppData\Loca..., moz:shutdownTimeout: 60000, moz:webdriverClick: true, moz:windowless: false, pageLoadStrategy: normal, platformName: windows, proxy: Proxy(), se:cdp: ws://127.0.0.1:27335/devtoo..., se:cdpVersion: 85.0, setWindowRect: true, strictFileInteractability: false, timeouts: {implicit: 0, pageLoad: 300000, script: 30000}, unhandledPromptBehavior: dismiss and notify, userAgent: Mozilla/5.0 (Windows NT 10....}
Element: [[[[[[FirefoxDriver: firefox on windows (9b0ae0f5-c840-4ea3-8f3e-66279f2c077f)] -&amp;gt; xpath: //h3[contains(text(),&amp;apos;Other departing flights&amp;apos;)]/following-sibling::ul[@class=&amp;apos;Rk10dc&amp;apos;]
]] -&amp;gt; xpath: .//li]] -&amp;gt; xpath: .//span[contains(@aria-label, &amp;apos;Arrival time&amp;apos;)]]
Session ID: 9b0ae0f5-c840-4ea3-8f3e-66279f2c077f">
      <![CDATA[org.openqa.selenium.StaleElementReferenceException: The element with the reference eac388f9-0b89-4858-905d-db84519aa4d8 is stale; either its node document is not the active document, or it is no longer connected to the DOM
For documentation on this error, please visit: https://www.selenium.dev/documentation/webdriver/troubleshooting/errors#stale-element-reference-exception
Build info: version: '4.22.0', revision: 'c5f3146703*'
System info: os.name: 'Windows 11', os.arch: 'amd64', os.version: '10.0', java.version: '21.0.3'
Driver info: org.openqa.selenium.firefox.FirefoxDriver
Command: [9b0ae0f5-c840-4ea3-8f3e-66279f2c077f, getElementText {id=eac388f9-0b89-4858-905d-db84519aa4d8}]
Capabilities {acceptInsecureCerts: true, browserName: firefox, browserVersion: 130.0, moz:accessibilityChecks: false, moz:buildID: 20240829075237, moz:debuggerAddress: 127.0.0.1:27335, moz:geckodriverVersion: 0.35.0, moz:headless: false, moz:platformVersion: 10.0, moz:processID: 148424, moz:profile: C:\Users\rayud\AppData\Loca..., moz:shutdownTimeout: 60000, moz:webdriverClick: true, moz:windowless: false, pageLoadStrategy: normal, platformName: windows, proxy: Proxy(), se:cdp: ws://127.0.0.1:27335/devtoo..., se:cdpVersion: 85.0, setWindowRect: true, strictFileInteractability: false, timeouts: {implicit: 0, pageLoad: 300000, script: 30000}, unhandledPromptBehavior: dismiss and notify, userAgent: Mozilla/5.0 (Windows NT 10....}
Element: [[[[[[FirefoxDriver: firefox on windows (9b0ae0f5-c840-4ea3-8f3e-66279f2c077f)] -> xpath: //h3[contains(text(),'Other departing flights')]/following-sibling::ul[@class='Rk10dc']
]] -> xpath: .//li]] -> xpath: .//span[contains(@aria-label, 'Arrival time')]]
Session ID: 9b0ae0f5-c840-4ea3-8f3e-66279f2c077f
at org.openqa.selenium.remote.ErrorCodec.decode(ErrorCodec.java:167)
at org.openqa.selenium.remote.codec.w3c.W3CHttpResponseCodec.decode(W3CHttpResponseCodec.java:138)
at org.openqa.selenium.remote.codec.w3c.W3CHttpResponseCodec.decode(W3CHttpResponseCodec.java:50)
at org.openqa.selenium.remote.HttpCommandExecutor.execute(HttpCommandExecutor.java:190)
at org.openqa.selenium.remote.service.DriverCommandExecutor.invokeExecute(DriverCommandExecutor.java:216)
at org.openqa.selenium.remote.service.DriverCommandExecutor.execute(DriverCommandExecutor.java:174)
at org.openqa.selenium.remote.RemoteWebDriver.execute(RemoteWebDriver.java:518)
at org.openqa.selenium.remote.RemoteWebElement.execute(RemoteWebElement.java:223)
at org.openqa.selenium.remote.RemoteWebElement.getText(RemoteWebElement.java:191)
at com.flightBooking.googleFlights.FlightDetailsData.extractFlightDetails(FlightDetailsData.java:101)
at com.flightBooking.googleFlights.FlightSearchStepDefinitions.testFlightSearchSmoke(FlightSearchStepDefinitions.java:49)
at java.base/java.util.ArrayList.forEach(ArrayList.java:1596)
... Removed 28 stack frames]]>
    </failure>
  </testcase> <!-- testFlightSearchSmoke -->
  <testcase classname="com.flightBooking.googleFlights.FlightSearchStepDefinitions" name="testFlightSearchSmoke" time="22.723"/>
  <testcase classname="com.flightBooking.googleFlights.FlightSearchStepDefinitions" name="testFlightSearchSmoke" time="29.458"/>
</testsuite> <!-- GoogleFlightsSearchTests -->
