<?xml version="1.0" encoding="UTF-8"?>
<testng-results ignored="0" total="3" passed="3" failed="0" skipped="0">
  <reporter-output>
  </reporter-output>
  <suite started-at="2024-09-02T17:20:51 CDT" name="Flight Search Suite" finished-at="2024-09-02T17:22:17 CDT" duration-ms="85828">
    <groups>
    </groups>
    <test started-at="2024-09-02T17:20:51 CDT" name="FlightSearchTest" finished-at="2024-09-02T17:22:17 CDT" duration-ms="85828">
      <class name="yelseSoft.com.FlightSearchSteps">
        <test-method is-config="true" signature="setUp()[pri:0, instance:yelseSoft.com.FlightSearchSteps@17503f6b]" started-at="2024-09-02T17:20:52 CDT" name="setUp" finished-at="2024-09-02T17:20:54 CDT" duration-ms="2852" status="PASS">
          <reporter-output>
          </reporter-output>
        </test-method> <!-- setUp -->
        <test-method signature="testFlightSearch(java.lang.String,java.lang.String,java.lang.String,java.lang.String)[pri:0, instance:yelseSoft.com.FlightSearchSteps@17503f6b]" started-at="2024-09-02T17:20:54 CDT" name="testFlightSearch" data-provider="flightData" finished-at="2024-09-02T17:21:18 CDT" duration-ms="23646" status="PASS">
          <params>
            <param index="0">
              <value>
                <![CDATA[New York]]>
              </value>
            </param>
            <param index="1">
              <value>
                <![CDATA[London]]>
              </value>
            </param>
            <param index="2">
              <value>
                <![CDATA[2024-09-09]]>
              </value>
            </param>
            <param index="3">
              <value>
                <![CDATA[2024-11-11]]>
              </value>
            </param>
          </params>
          <reporter-output>
          </reporter-output>
        </test-method> <!-- testFlightSearch -->
        <test-method is-config="true" signature="tearDown()[pri:0, instance:yelseSoft.com.FlightSearchSteps@17503f6b]" started-at="2024-09-02T17:21:18 CDT" name="tearDown" finished-at="2024-09-02T17:21:18 CDT" duration-ms="1" status="PASS">
          <reporter-output>
          </reporter-output>
        </test-method> <!-- tearDown -->
        <test-method is-config="true" signature="setUp()[pri:0, instance:yelseSoft.com.FlightSearchSteps@17503f6b]" started-at="2024-09-02T17:21:18 CDT" name="setUp" finished-at="2024-09-02T17:21:21 CDT" duration-ms="2659" status="PASS">
          <reporter-output>
          </reporter-output>
        </test-method> <!-- setUp -->
        <test-method signature="testFlightSearch(java.lang.String,java.lang.String,java.lang.String,java.lang.String)[pri:0, instance:yelseSoft.com.FlightSearchSteps@17503f6b]" started-at="2024-09-02T17:21:21 CDT" name="testFlightSearch" data-provider="flightData" finished-at="2024-09-02T17:21:43 CDT" duration-ms="22392" status="PASS">
          <params>
            <param index="0">
              <value>
                <![CDATA[San Francisco]]>
              </value>
            </param>
            <param index="1">
              <value>
                <![CDATA[Dallas]]>
              </value>
            </param>
            <param index="2">
              <value>
                <![CDATA[2024-09-09]]>
              </value>
            </param>
            <param index="3">
              <value>
                <![CDATA[2024-11-11]]>
              </value>
            </param>
          </params>
          <reporter-output>
          </reporter-output>
        </test-method> <!-- testFlightSearch -->
        <test-method is-config="true" signature="setUp()[pri:0, instance:yelseSoft.com.FlightSearchSteps@17503f6b]" started-at="2024-09-02T17:21:43 CDT" name="setUp" finished-at="2024-09-02T17:21:46 CDT" duration-ms="2760" status="PASS">
          <reporter-output>
          </reporter-output>
        </test-method> <!-- setUp -->
        <test-method is-config="true" signature="tearDown()[pri:0, instance:yelseSoft.com.FlightSearchSteps@17503f6b]" started-at="2024-09-02T17:21:43 CDT" name="tearDown" finished-at="2024-09-02T17:21:43 CDT" duration-ms="0" status="PASS">
          <reporter-output>
          </reporter-output>
        </test-method> <!-- tearDown -->
        <test-method signature="testFlightSearch(java.lang.String,java.lang.String,java.lang.String,java.lang.String)[pri:0, instance:yelseSoft.com.FlightSearchSteps@17503f6b]" started-at="2024-09-02T17:21:46 CDT" name="testFlightSearch" data-provider="flightData" finished-at="2024-09-02T17:22:17 CDT" duration-ms="31475" status="PASS">
          <params>
            <param index="0">
              <value>
                <![CDATA[Los Angeles]]>
              </value>
            </param>
            <param index="1">
              <value>
                <![CDATA[New York]]>
              </value>
            </param>
            <param index="2">
              <value>
                <![CDATA[2024-09-09]]>
              </value>
            </param>
            <param index="3">
              <value>
                <![CDATA[2024-11-11]]>
              </value>
            </param>
          </params>
          <reporter-output>
          </reporter-output>
        </test-method> <!-- testFlightSearch -->
        <test-method is-config="true" signature="tearDown()[pri:0, instance:yelseSoft.com.FlightSearchSteps@17503f6b]" started-at="2024-09-02T17:22:17 CDT" name="tearDown" finished-at="2024-09-02T17:22:17 CDT" duration-ms="0" status="PASS">
          <reporter-output>
          </reporter-output>
        </test-method> <!-- tearDown -->
      </class> <!-- yelseSoft.com.FlightSearchSteps -->
    </test> <!-- FlightSearchTest -->
  </suite> <!-- Flight Search Suite -->
</testng-results>
