<?xml version="1.0" encoding="UTF-8"?>
<!-- Generated by org.testng.reporters.JUnitXMLReporter -->
<testsuite ignored="0" hostname="DESKTOP-0E69Q2H" failures="1" tests="3" name="FlightSearchTest" time="62.967" errors="0" timestamp="2024-09-01T18:17:19 CDT">
  <testcase classname="yelseSoft.com.FlightSearchSteps" name="testFlightSearch" time="20.216"/>
  <testcase classname="yelseSoft.com.FlightSearchSteps" name="testFlightSearch" time="23.311"/>
  <testcase classname="yelseSoft.com.FlightSearchSteps" name="testFlightSearch" time="10.372">
    <failure type="org.openqa.selenium.StaleElementReferenceException" message="The element with the reference c611e4ec-1406-4fb7-9a3f-2d91e8dca1e0 is stale; either its node document is not the active document, or it is no longer connected to the DOM
For documentation on this error, please visit: https://www.selenium.dev/documentation/webdriver/troubleshooting/errors#stale-element-reference-exception
Build info: version: &amp;apos;4.22.0&amp;apos;, revision: &amp;apos;c5f3146703*&amp;apos;
System info: os.name: &amp;apos;Windows 11&amp;apos;, os.arch: &amp;apos;amd64&amp;apos;, os.version: &amp;apos;10.0&amp;apos;, java.version: &amp;apos;21.0.3&amp;apos;
Driver info: org.openqa.selenium.firefox.FirefoxDriver
Command: [3a3a6275-8129-45ce-ae59-4c6abc4feeba, getElementText {id=c611e4ec-1406-4fb7-9a3f-2d91e8dca1e0}]
Capabilities {acceptInsecureCerts: true, browserName: firefox, browserVersion: 129.0.2, moz:accessibilityChecks: false, moz:buildID: 20240819150008, moz:debuggerAddress: 127.0.0.1:24662, moz:geckodriverVersion: 0.35.0, moz:headless: false, moz:platformVersion: 10.0, moz:processID: 74848, moz:profile: C:\Users\rayud\AppData\Loca..., moz:shutdownTimeout: 60000, moz:webdriverClick: true, moz:windowless: false, pageLoadStrategy: normal, platformName: windows, proxy: Proxy(), se:cdp: ws://127.0.0.1:24662/devtoo..., se:cdpVersion: 85.0, setWindowRect: true, strictFileInteractability: false, timeouts: {implicit: 0, pageLoad: 300000, script: 30000}, unhandledPromptBehavior: dismiss and notify, userAgent: Mozilla/5.0 (Windows NT 10....}
Element: [[[[[[FirefoxDriver: firefox on windows (3a3a6275-8129-45ce-ae59-4c6abc4feeba)] -&amp;gt; xpath: //ul[@class=&amp;apos;Rk10dc&amp;apos;]]] -&amp;gt; xpath: .//li]] -&amp;gt; xpath: .//div[@class=&amp;apos;QylvBf&amp;apos;][2]//span[@aria-label=&amp;apos;&amp;apos;]]
Session ID: 3a3a6275-8129-45ce-ae59-4c6abc4feeba">
      <![CDATA[org.openqa.selenium.StaleElementReferenceException: The element with the reference c611e4ec-1406-4fb7-9a3f-2d91e8dca1e0 is stale; either its node document is not the active document, or it is no longer connected to the DOM
For documentation on this error, please visit: https://www.selenium.dev/documentation/webdriver/troubleshooting/errors#stale-element-reference-exception
Build info: version: '4.22.0', revision: 'c5f3146703*'
System info: os.name: 'Windows 11', os.arch: 'amd64', os.version: '10.0', java.version: '21.0.3'
Driver info: org.openqa.selenium.firefox.FirefoxDriver
Command: [3a3a6275-8129-45ce-ae59-4c6abc4feeba, getElementText {id=c611e4ec-1406-4fb7-9a3f-2d91e8dca1e0}]
Capabilities {acceptInsecureCerts: true, browserName: firefox, browserVersion: 129.0.2, moz:accessibilityChecks: false, moz:buildID: 20240819150008, moz:debuggerAddress: 127.0.0.1:24662, moz:geckodriverVersion: 0.35.0, moz:headless: false, moz:platformVersion: 10.0, moz:processID: 74848, moz:profile: C:\Users\rayud\AppData\Loca..., moz:shutdownTimeout: 60000, moz:webdriverClick: true, moz:windowless: false, pageLoadStrategy: normal, platformName: windows, proxy: Proxy(), se:cdp: ws://127.0.0.1:24662/devtoo..., se:cdpVersion: 85.0, setWindowRect: true, strictFileInteractability: false, timeouts: {implicit: 0, pageLoad: 300000, script: 30000}, unhandledPromptBehavior: dismiss and notify, userAgent: Mozilla/5.0 (Windows NT 10....}
Element: [[[[[[FirefoxDriver: firefox on windows (3a3a6275-8129-45ce-ae59-4c6abc4feeba)] -> xpath: //ul[@class='Rk10dc']]] -> xpath: .//li]] -> xpath: .//div[@class='QylvBf'][2]//span[@aria-label='']]
Session ID: 3a3a6275-8129-45ce-ae59-4c6abc4feeba
at org.openqa.selenium.remote.ErrorCodec.decode(ErrorCodec.java:167)
at org.openqa.selenium.remote.codec.w3c.W3CHttpResponseCodec.decode(W3CHttpResponseCodec.java:138)
at org.openqa.selenium.remote.codec.w3c.W3CHttpResponseCodec.decode(W3CHttpResponseCodec.java:50)
at org.openqa.selenium.remote.HttpCommandExecutor.execute(HttpCommandExecutor.java:190)
at org.openqa.selenium.remote.service.DriverCommandExecutor.invokeExecute(DriverCommandExecutor.java:216)
at org.openqa.selenium.remote.service.DriverCommandExecutor.execute(DriverCommandExecutor.java:174)
at org.openqa.selenium.remote.RemoteWebDriver.execute(RemoteWebDriver.java:518)
at org.openqa.selenium.remote.RemoteWebElement.execute(RemoteWebElement.java:223)
at org.openqa.selenium.remote.RemoteWebElement.getText(RemoteWebElement.java:191)
at yelseSoft.com.FlightDetails.extractFlightDetails(FlightDetails.java:50)
at yelseSoft.com.FlightSearchSteps.testFlightSearch(FlightSearchSteps.java:38)
at java.base/java.util.ArrayList.forEach(ArrayList.java:1596)
at java.base/java.util.concurrent.FutureTask.run(FutureTask.java:317)
at java.base/java.util.concurrent.ThreadPoolExecutor.runWorker(ThreadPoolExecutor.java:1144)
at java.base/java.util.concurrent.ThreadPoolExecutor$Worker.run(ThreadPoolExecutor.java:642)
at java.base/java.lang.Thread.run(Thread.java:1583)
... Removed 18 stack frames]]>
    </failure>
  </testcase> <!-- testFlightSearch -->
</testsuite> <!-- FlightSearchTest -->
